<?xml version="1.0" encoding="UTF-8"?>
<!-- Generated by org.testng.reporters.JUnitReportReporter -->
<testsuite hostname="IN-JC57MG3" failures="0" tests="1" name="com.testcases.LoginTestCase" time="12.767" errors="0" timestamp="20 Jun 2022 07:29:44 GMT" skipped="0">
  <testcase classname="com.testcases.LoginTestCase" name="loginTest" time="12.767"/>
</testsuite> <!-- com.testcases.LoginTestCase -->
